.\..\win32\bin\Debug\expat_static.bsc
K:\COMPONENTS\LIBRARY\EXPAT\EXPAT-2.1.0\WIN32\BIN\DEBUG\EXPAT_STATIC.BSC
K:\COMPONENTS\LIBRARY\EXPAT\EXPAT-2.1.0\WIN32\BIN\DEBUG\LIBEXPATMT.LIB
K:\Components\Library\eXpat\expat-2.1.0\win32\tmp\Debug_static\BscMake.command.1.tlog
K:\Components\Library\eXpat\expat-2.1.0\win32\tmp\Debug_static\bscmake.read.1.tlog
K:\Components\Library\eXpat\expat-2.1.0\win32\tmp\Debug_static\bscmake.write.1.tlog
K:\Components\Library\eXpat\expat-2.1.0\win32\tmp\Debug_static\cl.command.1.tlog
K:\Components\Library\eXpat\expat-2.1.0\win32\tmp\Debug_static\CL.read.1.tlog
K:\Components\Library\eXpat\expat-2.1.0\win32\tmp\Debug_static\CL.write.1.tlog
K:\Components\Library\eXpat\expat-2.1.0\win32\tmp\Debug_static\expat_static.write.1.tlog
K:\Components\Library\eXpat\expat-2.1.0\win32\tmp\Debug_static\lib.command.1.tlog
K:\Components\Library\eXpat\expat-2.1.0\win32\tmp\Debug_static\Lib-link.read.1.tlog
K:\Components\Library\eXpat\expat-2.1.0\win32\tmp\Debug_static\Lib-link.write.1.tlog
K:\Components\Library\eXpat\expat-2.1.0\win32\tmp\Debug_static\vc100.idb
K:\COMPONENTS\LIBRARY\EXPAT\EXPAT-2.1.0\WIN32\TMP\DEBUG_STATIC\VC100.PDB
K:\COMPONENTS\LIBRARY\EXPAT\EXPAT-2.1.0\WIN32\TMP\DEBUG_STATIC\XMLPARSE.OBJ
K:\COMPONENTS\LIBRARY\EXPAT\EXPAT-2.1.0\WIN32\TMP\DEBUG_STATIC\XMLPARSE.SBR
K:\COMPONENTS\LIBRARY\EXPAT\EXPAT-2.1.0\WIN32\TMP\DEBUG_STATIC\XMLROLE.OBJ
K:\COMPONENTS\LIBRARY\EXPAT\EXPAT-2.1.0\WIN32\TMP\DEBUG_STATIC\XMLROLE.SBR
K:\COMPONENTS\LIBRARY\EXPAT\EXPAT-2.1.0\WIN32\TMP\DEBUG_STATIC\XMLTOK.OBJ
K:\COMPONENTS\LIBRARY\EXPAT\EXPAT-2.1.0\WIN32\TMP\DEBUG_STATIC\XMLTOK.SBR
K:\COMPONENTS\LIBRARY\EXPAT\EXPAT-2.1.0\WIN32\TMP\DEBUG_STATIC\XMLTOK_IMPL.OBJ
K:\COMPONENTS\LIBRARY\EXPAT\EXPAT-2.1.0\WIN32\TMP\DEBUG_STATIC\XMLTOK_IMPL.SBR
K:\COMPONENTS\LIBRARY\EXPAT\EXPAT-2.1.0\WIN32\TMP\DEBUG_STATIC\XMLTOK_NS.OBJ
K:\COMPONENTS\LIBRARY\EXPAT\EXPAT-2.1.0\WIN32\TMP\DEBUG_STATIC\XMLTOK_NS.SBR
