.\..\win32\bin\Debug\expat.bsc
K:\COMPONENTS\LIBRARY\EXPAT\EXPAT-2.1.0\WIN32\BIN\DEBUG\EXPAT.BSC
K:\COMPONENTS\LIBRARY\EXPAT\EXPAT-2.1.0\WIN32\BIN\DEBUG\EXPAT.PDB
K:\COMPONENTS\LIBRARY\EXPAT\EXPAT-2.1.0\WIN32\BIN\DEBUG\LIBEXPAT.DLL
K:\Components\Library\eXpat\expat-2.1.0\win32\bin\Debug\libexpat.exp
K:\COMPONENTS\LIBRARY\EXPAT\EXPAT-2.1.0\WIN32\BIN\DEBUG\LIBEXPAT.ILK
K:\Components\Library\eXpat\expat-2.1.0\win32\bin\Debug\libexpat.lib
K:\Components\Library\eXpat\expat-2.1.0\win32\tmp\Debug\BscMake.command.1.tlog
K:\Components\Library\eXpat\expat-2.1.0\win32\tmp\Debug\bscmake.read.1.tlog
K:\Components\Library\eXpat\expat-2.1.0\win32\tmp\Debug\bscmake.write.1.tlog
K:\Components\Library\eXpat\expat-2.1.0\win32\tmp\Debug\cl.command.1.tlog
K:\Components\Library\eXpat\expat-2.1.0\win32\tmp\Debug\CL.read.1.tlog
K:\Components\Library\eXpat\expat-2.1.0\win32\tmp\Debug\CL.write.1.tlog
K:\COMPONENTS\LIBRARY\EXPAT\EXPAT-2.1.0\WIN32\TMP\DEBUG\EXPAT.DLL.EMBED.MANIFEST
K:\COMPONENTS\LIBRARY\EXPAT\EXPAT-2.1.0\WIN32\TMP\DEBUG\EXPAT.DLL.EMBED.MANIFEST.RES
K:\COMPONENTS\LIBRARY\EXPAT\EXPAT-2.1.0\WIN32\TMP\DEBUG\EXPAT.DLL.INTERMEDIATE.MANIFEST
K:\Components\Library\eXpat\expat-2.1.0\win32\tmp\Debug\expat.write.1.tlog
K:\Components\Library\eXpat\expat-2.1.0\win32\tmp\Debug\expat_manifest.rc
K:\Components\Library\eXpat\expat-2.1.0\win32\tmp\Debug\link.102428.read.1.tlog
K:\Components\Library\eXpat\expat-2.1.0\win32\tmp\Debug\link.102428.write.1.tlog
K:\Components\Library\eXpat\expat-2.1.0\win32\tmp\Debug\link.102428-cvtres.read.1.tlog
K:\Components\Library\eXpat\expat-2.1.0\win32\tmp\Debug\link.102428-cvtres.write.1.tlog
K:\Components\Library\eXpat\expat-2.1.0\win32\tmp\Debug\link.command.1.tlog
K:\Components\Library\eXpat\expat-2.1.0\win32\tmp\Debug\link.read.1.tlog
K:\Components\Library\eXpat\expat-2.1.0\win32\tmp\Debug\link.write.1.tlog
K:\Components\Library\eXpat\expat-2.1.0\win32\tmp\Debug\link-cvtres.read.1.tlog
K:\Components\Library\eXpat\expat-2.1.0\win32\tmp\Debug\link-cvtres.write.1.tlog
K:\Components\Library\eXpat\expat-2.1.0\win32\tmp\Debug\mt.command.1.tlog
K:\Components\Library\eXpat\expat-2.1.0\win32\tmp\Debug\mt.read.1.tlog
K:\Components\Library\eXpat\expat-2.1.0\win32\tmp\Debug\mt.write.1.tlog
K:\Components\Library\eXpat\expat-2.1.0\win32\tmp\Debug\rc.command.1.tlog
K:\Components\Library\eXpat\expat-2.1.0\win32\tmp\Debug\rc.read.1.tlog
K:\Components\Library\eXpat\expat-2.1.0\win32\tmp\Debug\rc.write.1.tlog
K:\Components\Library\eXpat\expat-2.1.0\win32\tmp\Debug\vc100.idb
K:\COMPONENTS\LIBRARY\EXPAT\EXPAT-2.1.0\WIN32\TMP\DEBUG\VC100.PDB
K:\COMPONENTS\LIBRARY\EXPAT\EXPAT-2.1.0\WIN32\TMP\DEBUG\XMLPARSE.OBJ
K:\COMPONENTS\LIBRARY\EXPAT\EXPAT-2.1.0\WIN32\TMP\DEBUG\XMLPARSE.SBR
K:\COMPONENTS\LIBRARY\EXPAT\EXPAT-2.1.0\WIN32\TMP\DEBUG\XMLROLE.OBJ
K:\COMPONENTS\LIBRARY\EXPAT\EXPAT-2.1.0\WIN32\TMP\DEBUG\XMLROLE.SBR
K:\COMPONENTS\LIBRARY\EXPAT\EXPAT-2.1.0\WIN32\TMP\DEBUG\XMLTOK.OBJ
K:\COMPONENTS\LIBRARY\EXPAT\EXPAT-2.1.0\WIN32\TMP\DEBUG\XMLTOK.SBR
K:\COMPONENTS\LIBRARY\EXPAT\EXPAT-2.1.0\WIN32\TMP\DEBUG\XMLTOK_IMPL.OBJ
K:\COMPONENTS\LIBRARY\EXPAT\EXPAT-2.1.0\WIN32\TMP\DEBUG\XMLTOK_IMPL.SBR
K:\COMPONENTS\LIBRARY\EXPAT\EXPAT-2.1.0\WIN32\TMP\DEBUG\XMLTOK_NS.OBJ
K:\COMPONENTS\LIBRARY\EXPAT\EXPAT-2.1.0\WIN32\TMP\DEBUG\XMLTOK_NS.SBR
