Build started 02/08/2016 23:24:10.
     1>Project "K:\Components\LibraryV2\GDAL\GDAL_2.0.x_VC_NoIntFilesCleanUp\libgdal-2.0.3\dll\gdal-2.0.3_dll.vcxproj" on node 2 (build target(s)).
     1>InitializeBuildStatus:
         Creating "K:\Components\LibraryV2\GDAL\GDAL_2.0.x_VC_NoIntFilesCleanUp\libgdal-2.0.3\dll\x86\Debug\gdal-2.0.3_dll.unsuccessfulbuild" because "AlwaysCreate" was specified.
       ClCompile:
         All outputs are up-to-date.
         All outputs are up-to-date.
       ResourceCompile:
         All outputs are up-to-date.
       Link:
         All outputs are up-to-date.
         gdal-2.0.3_dll.vcxproj -> K:\Components\LibraryV2\GDAL\GDAL_2.0.x_VC_NoIntFilesCleanUp\libgdal-2.0.3\dll\x86\Debug\gdal-2.0.3.dll
       PostBuildEvent:
         copy K:\Components\LibraryV2\GDAL\GDAL_2.0.x_VC_NoIntFilesCleanUp\libgdal-2.0.3\dll\x86\Debug\gdal-2.0.3.dll K:\Components\LibraryV2\GDAL\GDAL_2.0.x_VC_NoIntFilesCleanUp\libgdal-2.0.3\binaries\dll\x86\Debug\gdal-2.0.3.dll
         copy K:\Components\LibraryV2\GDAL\GDAL_2.0.x_VC_NoIntFilesCleanUp\libgdal-2.0.3\dll\x86\Debug\gdal-2.0.3.exp K:\Components\LibraryV2\GDAL\GDAL_2.0.x_VC_NoIntFilesCleanUp\libgdal-2.0.3\binaries\dll\x86\Debug\gdal-2.0.3.exp
         copy K:\Components\LibraryV2\GDAL\GDAL_2.0.x_VC_NoIntFilesCleanUp\libgdal-2.0.3\dll\x86\Debug\gdal-2.0.3.lib K:\Components\LibraryV2\GDAL\GDAL_2.0.x_VC_NoIntFilesCleanUp\libgdal-2.0.3\binaries\dll\x86\Debug\gdal-2.0.3.lib
         :VCEnd
                 1 fichier(s) copié(s).
                 1 fichier(s) copié(s).
                 1 fichier(s) copié(s).
       FinalizeBuildStatus:
         Deleting file "K:\Components\LibraryV2\GDAL\GDAL_2.0.x_VC_NoIntFilesCleanUp\libgdal-2.0.3\dll\x86\Debug\gdal-2.0.3_dll.unsuccessfulbuild".
         Touching "K:\Components\LibraryV2\GDAL\GDAL_2.0.x_VC_NoIntFilesCleanUp\libgdal-2.0.3\dll\x86\Debug\gdal-2.0.3_dll.lastbuildstate".
     1>Done Building Project "K:\Components\LibraryV2\GDAL\GDAL_2.0.x_VC_NoIntFilesCleanUp\libgdal-2.0.3\dll\gdal-2.0.3_dll.vcxproj" (build target(s)).

Build succeeded.

Time Elapsed 00:00:02.24
